<?xml version="1.0" encoding="UTF-8"?>
<robot generator="Robot 3.1.2 (Python 3.7.3 on linux)" generated="20191225 15:13:16.729" rpa="false">
<suite id="s1" name="Hello" source="/home/huxf/PycharmProjects/PythonTests/RobotFramework/hello.robot">
<test id="s1-t1" name="TestCase 01">
<kw name="Log" library="BuiltIn">
<doc>Logs the given message with the given level.</doc>
<arguments>
<arg>hello world</arg>
</arguments>
<msg timestamp="20191225 15:13:16.757" level="INFO">hello world</msg>
<status status="PASS" starttime="20191225 15:13:16.757" endtime="20191225 15:13:16.757"></status>
</kw>
<status status="PASS" starttime="20191225 15:13:16.757" endtime="20191225 15:13:16.758" critical="yes"></status>
</test>
<status status="PASS" starttime="20191225 15:13:16.731" endtime="20191225 15:13:16.758"></status>
</suite>
<statistics>
<total>
<stat pass="1" fail="0">Critical Tests</stat>
<stat pass="1" fail="0">All Tests</stat>
</total>
<tag>
</tag>
<suite>
<stat pass="1" fail="0" id="s1" name="Hello">Hello</stat>
</suite>
</statistics>
<errors>
</errors>
</robot>
